<?xml version="1.0" encoding="UTF-8"?>
<!-- Generated by org.testng.reporters.JUnitReportReporter -->
<testsuite hostname="DESKTOP-FTTLF4B" failures="0" tests="9" name="testngDay4.ParallelTesting" time="1.435" errors="0" timestamp="2025-06-30T01:14:56 IST" skipped="0">
  <testcase classname="testngDay4.ParallelTesting" name="testLogo" time="0.255"/>
  <system-out/>
  <testcase classname="testngDay4.ParallelTesting" name="testLogo" time="0.037"/>
  <system-out/>
  <testcase classname="testngDay4.ParallelTesting" name="testLogo" time="0.858"/>
  <system-out/>
  <testcase classname="testngDay4.ParallelTesting" name="testTitle" time="0.080"/>
  <system-out/>
  <testcase classname="testngDay4.ParallelTesting" name="testTitle" time="0.010"/>
  <system-out/>
  <testcase classname="testngDay4.ParallelTesting" name="testTitle" time="0.087"/>
  <system-out/>
  <testcase classname="testngDay4.ParallelTesting" name="testUrl" time="0.052"/>
  <system-out/>
  <testcase classname="testngDay4.ParallelTesting" name="testUrl" time="0.016"/>
  <system-out/>
  <testcase classname="testngDay4.ParallelTesting" name="testUrl" time="0.040"/>
  <system-out/>
</testsuite> <!-- testngDay4.ParallelTesting -->
