<?xml version="1.0" encoding="UTF-8"?>
<!-- Generated by org.testng.reporters.JUnitReportReporter -->
<testsuite hostname="DESKTOP-FTTLF4B" failures="0" tests="2" name="testngDay2.AllAnnotations" time="0.020" errors="0" timestamp="2025-06-28T20:40:30 IST" skipped="0">
  <testcase classname="testngDay2.AllAnnotations" name="Test1" time="0.018"/>
  <system-out/>
  <testcase classname="testngDay2.AllAnnotations" name="Test2" time="0.002"/>
  <system-out/>
</testsuite> <!-- testngDay2.AllAnnotations -->
