<?xml version="1.0" encoding="UTF-8"?>
<!-- Generated by org.testng.reporters.JUnitReportReporter -->
<testsuite hostname="DESKTOP-FTTLF4B" failures="0" tests="2" name="testngDay2.pack.c2" time="0.006" errors="0" timestamp="2025-06-28T20:20:19 IST" skipped="0">
  <testcase classname="testngDay2.pack.c2" name="abc" time="0.004"/>
  <system-out/>
  <testcase classname="testngDay2.pack.c2" name="abc" time="0.002"/>
  <system-out/>
</testsuite> <!-- testngDay2.pack.c2 -->
