<?xml version="1.0" encoding="UTF-8"?>
<!-- Generated by org.testng.reporters.JUnitReportReporter -->
<testsuite hostname="DESKTOP-FTTLF4B" failures="0" tests="2" name="testngDay2.AnnotationClass2" time="0.014" errors="0" timestamp="2025-06-28T19:53:58 IST" skipped="0">
  <testcase classname="testngDay2.AnnotationClass2" name="search" time="0.012"/>
  <system-out/>
  <testcase classname="testngDay2.AnnotationClass2" name="advanceSearch" time="0.002"/>
  <system-out/>
</testsuite> <!-- testngDay2.AnnotationClass2 -->
