<?xml version="1.0" encoding="UTF-8"?>
<!-- Generated by org.testng.reporters.JUnitReportReporter -->
<testsuite hostname="DESKTOP-FTTLF4B" failures="0" tests="3" name="testngDay3.LoginTestsGroups" time="0.027" errors="0" timestamp="2025-06-29T18:31:52 IST" skipped="0">
  <testcase classname="testngDay3.LoginTestsGroups" name="SignUpByFacebook" time="0.020"/>
  <system-out/>
  <testcase classname="testngDay3.LoginTestsGroups" name="SignUpByTwiter" time="0.004"/>
  <system-out/>
  <testcase classname="testngDay3.LoginTestsGroups" name="SignUpEmail" time="0.003"/>
  <system-out/>
</testsuite> <!-- testngDay3.LoginTestsGroups -->
