<?xml version="1.0" encoding="UTF-8"?>
<!-- Generated by org.testng.reporters.JUnitReportReporter -->
<testsuite hostname="DESKTOP-FTTLF4B" failures="0" tests="1" name="Package1.DemoTest" time="0.024" errors="0" timestamp="2025-06-25T01:45:24 IST" skipped="0">
  <testcase classname="Package1.DemoTest" name="Test" time="0.024"/>
  <system-out/>
</testsuite> <!-- Package1.DemoTest -->
