<?xml version="1.0" encoding="UTF-8"?>
<!-- Generated by org.testng.reporters.JUnitReportReporter -->
<testsuite hostname="DESKTOP-FTTLF4B" failures="0" tests="1" name="testngDay2.AssertionsDemo" time="0.021" errors="0" timestamp="2025-06-28T20:41:50 IST" skipped="0">
  <testcase classname="testngDay2.AssertionsDemo" name="testTitle" time="0.021"/>
  <system-out/>
</testsuite> <!-- testngDay2.AssertionsDemo -->
