<?xml version="1.0" encoding="UTF-8"?>
<!-- Generated by org.testng.reporters.JUnitReportReporter -->
<testsuite hostname="DESKTOP-FTTLF4B" failures="0" tests="4" name="testngDay1.HRMTest" time="13.267" errors="0" timestamp="2025-06-28T01:22:29 IST" skipped="0">
  <testcase classname="testngDay1.HRMTest" name="openurl" time="9.001"/>
  <system-out/>
  <testcase classname="testngDay1.HRMTest" name="testlogo" time="3.136"/>
  <system-out/>
  <testcase classname="testngDay1.HRMTest" name="testlogin" time="0.746"/>
  <system-out/>
  <testcase classname="testngDay1.HRMTest" name="testlogout" time="0.384"/>
  <system-out/>
</testsuite> <!-- testngDay1.HRMTest -->
