<?xml version="1.0" encoding="UTF-8"?>
<!-- Generated by org.testng.reporters.JUnitReportReporter -->
<testsuite hostname="DESKTOP-FTTLF4B" failures="0" tests="2" name="testngDay2.pack.c3" time="0.003" errors="0" timestamp="2025-06-28T20:20:19 IST" skipped="0">
  <testcase classname="testngDay2.pack.c3" name="pqr" time="0.002"/>
  <system-out/>
  <testcase classname="testngDay2.pack.c3" name="pqr" time="0.001"/>
  <system-out/>
</testsuite> <!-- testngDay2.pack.c3 -->
