<?xml version="1.0" encoding="UTF-8"?>
<!-- Generated by org.testng.reporters.JUnitReportReporter -->
<testsuite hostname="DESKTOP-FTTLF4B" failures="0" tests="3" name="testngDay3.LoginTestsGroups2" time="0.020" errors="0" timestamp="2025-06-29T18:41:13 IST" skipped="0">
  <testcase classname="testngDay3.LoginTestsGroups2" name="loginByEmial" time="0.016"/>
  <system-out/>
  <testcase classname="testngDay3.LoginTestsGroups2" name="loginByFacebook" time="0.002"/>
  <system-out/>
  <testcase classname="testngDay3.LoginTestsGroups2" name="loginByTwiter" time="0.002"/>
  <system-out/>
</testsuite> <!-- testngDay3.LoginTestsGroups2 -->
