<?xml version="1.0" encoding="UTF-8"?>
<!-- Generated by org.testng.reporters.JUnitReportReporter -->
<testsuite hostname="DESKTOP-FTTLF4B" failures="0" tests="2" name="testngDay2.AnnotationClass1" time="0.028" errors="0" timestamp="2025-06-28T19:50:33 IST" skipped="0">
  <testcase classname="testngDay2.AnnotationClass1" name="search" time="0.017"/>
  <system-out/>
  <testcase classname="testngDay2.AnnotationClass1" name="advanceSearch" time="0.011"/>
  <system-out/>
</testsuite> <!-- testngDay2.AnnotationClass1 -->
