<?xml version="1.0" encoding="UTF-8"?>
<!-- Generated by org.testng.reporters.JUnitReportReporter -->
<testsuite hostname="DESKTOP-FTTLF4B" failures="0" tests="2" name="testngDay3.LoginTestsGroups3" time="0.017" errors="0" timestamp="2025-06-29T18:43:16 IST" skipped="0">
  <testcase classname="testngDay3.LoginTestsGroups3" name="PaymentRupees" time="0.015"/>
  <system-out/>
  <testcase classname="testngDay3.LoginTestsGroups3" name="PaymentDollar" time="0.002"/>
  <system-out/>
</testsuite> <!-- testngDay3.LoginTestsGroups3 -->
