<?xml version="1.0" encoding="UTF-8"?>
<!-- Generated by org.testng.reporters.JUnitReportReporter -->
<testsuite hostname="DESKTOP-FTTLF4B" failures="0" tests="3" name="testngDay1.FirstTestCase" time="0.007" errors="0" timestamp="2025-06-28T01:22:29 IST" skipped="0">
  <testcase classname="testngDay1.FirstTestCase" name="openapp" time="0.003"/>
  <system-out/>
  <testcase classname="testngDay1.FirstTestCase" name="launchapp" time="0.002"/>
  <system-out/>
  <testcase classname="testngDay1.FirstTestCase" name="closeapp" time="0.002"/>
  <system-out/>
</testsuite> <!-- testngDay1.FirstTestCase -->
