<?xml version="1.0" encoding="UTF-8"?>
<!-- Generated by org.testng.reporters.JUnitReportReporter -->
<testsuite hostname="DESKTOP-FTTLF4B" failures="0" tests="2" name="testngDay2.pack.c1" time="0.025" errors="0" timestamp="2025-06-28T20:20:19 IST" skipped="0">
  <testcase classname="testngDay2.pack.c1" name="xyz" time="0.022"/>
  <system-out/>
  <testcase classname="testngDay2.pack.c1" name="xyz" time="0.003"/>
  <system-out/>
</testsuite> <!-- testngDay2.pack.c1 -->
